{
  "D:\\college\\pupilsfirst\\lms capstone\\app.js": {
    "path": "D:\\college\\pupilsfirst\\lms capstone\\app.js",
    "statementMap": {
      "0": {
        "start": { "line": 1, "column": 16 },
        "end": { "line": 1, "column": 34 }
      },
      "1": {
        "start": { "line": 2, "column": 12 },
        "end": { "line": 2, "column": 21 }
      },
      "2": {
        "start": { "line": 3, "column": 18 },
        "end": { "line": 3, "column": 38 }
      },
      "3": {
        "start": { "line": 4, "column": 19 },
        "end": { "line": 4, "column": 41 }
      },
      "4": {
        "start": { "line": 5, "column": 13 },
        "end": { "line": 5, "column": 28 }
      },
      "5": {
        "start": { "line": 6, "column": 0 },
        "end": { "line": 6, "column": 48 }
      },
      "6": {
        "start": { "line": 7, "column": 17 },
        "end": { "line": 7, "column": 36 }
      },
      "7": {
        "start": { "line": 8, "column": 27 },
        "end": { "line": 8, "column": 58 }
      },
      "8": {
        "start": { "line": 9, "column": 16 },
        "end": { "line": 9, "column": 42 }
      },
      "9": {
        "start": { "line": 10, "column": 14 },
        "end": { "line": 10, "column": 38 }
      },
      "10": {
        "start": { "line": 11, "column": 22 },
        "end": { "line": 11, "column": 47 }
      },
      "11": {
        "start": { "line": 12, "column": 15 },
        "end": { "line": 12, "column": 32 }
      },
      "12": {
        "start": { "line": 13, "column": 19 },
        "end": { "line": 13, "column": 21 }
      },
      "13": {
        "start": { "line": 15, "column": 0 },
        "end": { "line": 15, "column": 27 }
      },
      "14": {
        "start": { "line": 16, "column": 0 },
        "end": { "line": 16, "column": 51 }
      },
      "15": {
        "start": { "line": 18, "column": 0 },
        "end": { "line": 18, "column": 56 }
      },
      "16": {
        "start": { "line": 19, "column": 0 },
        "end": { "line": 26, "column": 2 }
      },
      "17": {
        "start": { "line": 27, "column": 0 },
        "end": { "line": 27, "column": 17 }
      },
      "18": {
        "start": { "line": 28, "column": 0 },
        "end": { "line": 31, "column": 3 }
      },
      "19": {
        "start": { "line": 29, "column": 2 },
        "end": { "line": 29, "column": 45 }
      },
      "20": {
        "start": { "line": 30, "column": 2 },
        "end": { "line": 30, "column": 9 }
      },
      "21": {
        "start": { "line": 32, "column": 0 },
        "end": { "line": 32, "column": 31 }
      },
      "22": {
        "start": { "line": 33, "column": 0 },
        "end": { "line": 33, "column": 28 }
      },
      "23": {
        "start": { "line": 35, "column": 0 },
        "end": { "line": 60, "column": 2 }
      },
      "24": {
        "start": { "line": 42, "column": 6 },
        "end": { "line": 57, "column": 11 }
      },
      "25": {
        "start": { "line": 44, "column": 10 },
        "end": { "line": 46, "column": 11 }
      },
      "26": {
        "start": { "line": 45, "column": 12 },
        "end": { "line": 45, "column": 67 }
      },
      "27": {
        "start": { "line": 48, "column": 25 },
        "end": { "line": 48, "column": 70 }
      },
      "28": {
        "start": { "line": 49, "column": 10 },
        "end": { "line": 53, "column": 11 }
      },
      "29": {
        "start": { "line": 50, "column": 12 },
        "end": { "line": 50, "column": 36 }
      },
      "30": {
        "start": { "line": 52, "column": 12 },
        "end": { "line": 52, "column": 70 }
      },
      "31": {
        "start": { "line": 56, "column": 10 },
        "end": { "line": 56, "column": 29 }
      },
      "32": {
        "start": { "line": 62, "column": 0 },
        "end": { "line": 64, "column": 3 }
      },
      "33": {
        "start": { "line": 63, "column": 2 },
        "end": { "line": 63, "column": 22 }
      },
      "34": {
        "start": { "line": 66, "column": 0 },
        "end": { "line": 74, "column": 3 }
      },
      "35": {
        "start": { "line": 67, "column": 2 },
        "end": { "line": 73, "column": 7 }
      },
      "36": {
        "start": { "line": 69, "column": 6 },
        "end": { "line": 69, "column": 23 }
      },
      "37": {
        "start": { "line": 72, "column": 6 },
        "end": { "line": 72, "column": 24 }
      },
      "38": {
        "start": { "line": 83, "column": 4 },
        "end": { "line": 83, "column": 23 }
      },
      "39": {
        "start": { "line": 85, "column": 15 },
        "end": { "line": 90, "column": 1 }
      },
      "40": {
        "start": { "line": 86, "column": 2 },
        "end": { "line": 88, "column": 3 }
      },
      "41": {
        "start": { "line": 87, "column": 4 },
        "end": { "line": 87, "column": 18 }
      },
      "42": {
        "start": { "line": 89, "column": 2 },
        "end": { "line": 89, "column": 39 }
      },
      "43": {
        "start": { "line": 92, "column": 0 },
        "end": { "line": 92, "column": 30 }
      },
      "44": {
        "start": { "line": 96, "column": 21 },
        "end": { "line": 101, "column": 4 }
      },
      "45": {
        "start": { "line": 102, "column": 2 },
        "end": { "line": 102, "column": 41 }
      },
      "46": {
        "start": { "line": 104, "column": 25 },
        "end": { "line": 118, "column": 4 }
      },
      "47": {
        "start": { "line": 119, "column": 2 },
        "end": { "line": 119, "column": 35 }
      },
      "48": {
        "start": { "line": 120, "column": 31 },
        "end": { "line": 120, "column": 66 }
      },
      "49": {
        "start": { "line": 121, "column": 2 },
        "end": { "line": 121, "column": 30 }
      },
      "50": {
        "start": { "line": 124, "column": 0 },
        "end": { "line": 127, "column": 3 }
      },
      "51": {
        "start": { "line": 125, "column": 2 },
        "end": { "line": 125, "column": 29 }
      },
      "52": {
        "start": { "line": 126, "column": 2 },
        "end": { "line": 126, "column": 27 }
      },
      "53": {
        "start": { "line": 129, "column": 0 },
        "end": { "line": 131, "column": 3 }
      },
      "54": {
        "start": { "line": 130, "column": 2 },
        "end": { "line": 130, "column": 27 }
      },
      "55": {
        "start": { "line": 133, "column": 0 },
        "end": { "line": 135, "column": 3 }
      },
      "56": {
        "start": { "line": 134, "column": 2 },
        "end": { "line": 134, "column": 31 }
      },
      "57": {
        "start": { "line": 137, "column": 0 },
        "end": { "line": 139, "column": 3 }
      },
      "58": {
        "start": { "line": 138, "column": 2 },
        "end": { "line": 138, "column": 31 }
      },
      "59": {
        "start": { "line": 141, "column": 0 },
        "end": { "line": 154, "column": 2 }
      },
      "60": {
        "start": { "line": 145, "column": 20 },
        "end": { "line": 149, "column": 6 }
      },
      "61": {
        "start": { "line": 150, "column": 4 },
        "end": { "line": 152, "column": 7 }
      },
      "62": {
        "start": { "line": 156, "column": 0 },
        "end": { "line": 181, "column": 2 }
      },
      "63": {
        "start": { "line": 160, "column": 22 },
        "end": { "line": 160, "column": 37 }
      },
      "64": {
        "start": { "line": 161, "column": 28 },
        "end": { "line": 166, "column": 6 }
      },
      "65": {
        "start": { "line": 167, "column": 30 },
        "end": { "line": 169, "column": 5 }
      },
      "66": {
        "start": { "line": 168, "column": 26 },
        "end": { "line": 168, "column": 49 }
      },
      "67": {
        "start": { "line": 170, "column": 20 },
        "end": { "line": 176, "column": 6 }
      },
      "68": {
        "start": { "line": 177, "column": 4 },
        "end": { "line": 179, "column": 7 }
      },
      "69": {
        "start": { "line": 183, "column": 0 },
        "end": { "line": 187, "column": 3 }
      },
      "70": {
        "start": { "line": 184, "column": 17 },
        "end": { "line": 184, "column": 32 }
      },
      "71": {
        "start": { "line": 185, "column": 15 },
        "end": { "line": 185, "column": 42 }
      },
      "72": {
        "start": { "line": 186, "column": 2 },
        "end": { "line": 186, "column": 53 }
      },
      "73": {
        "start": { "line": 189, "column": 0 },
        "end": { "line": 193, "column": 3 }
      },
      "74": {
        "start": { "line": 190, "column": 17 },
        "end": { "line": 190, "column": 32 }
      },
      "75": {
        "start": { "line": 191, "column": 15 },
        "end": { "line": 191, "column": 42 }
      },
      "76": {
        "start": { "line": 192, "column": 2 },
        "end": { "line": 192, "column": 53 }
      },
      "77": {
        "start": { "line": 195, "column": 0 },
        "end": { "line": 239, "column": 3 }
      },
      "78": {
        "start": { "line": 196, "column": 2 },
        "end": { "line": 238, "column": 3 }
      },
      "79": {
        "start": { "line": 197, "column": 23 },
        "end": { "line": 197, "column": 38 }
      },
      "80": {
        "start": { "line": 198, "column": 20 },
        "end": { "line": 208, "column": 6 }
      },
      "81": {
        "start": { "line": 209, "column": 4 },
        "end": { "line": 209, "column": 28 }
      },
      "82": {
        "start": { "line": 211, "column": 16 },
        "end": { "line": 213, "column": 6 }
      },
      "83": {
        "start": { "line": 214, "column": 26 },
        "end": { "line": 214, "column": 36 }
      },
      "84": {
        "start": { "line": 217, "column": 26 },
        "end": { "line": 227, "column": 6 }
      },
      "85": {
        "start": { "line": 218, "column": 29 },
        "end": { "line": 218, "column": 73 }
      },
      "86": {
        "start": { "line": 220, "column": 30 },
        "end": { "line": 220, "column": 50 }
      },
      "87": {
        "start": { "line": 221, "column": 6 },
        "end": { "line": 226, "column": 8 }
      },
      "88": {
        "start": { "line": 230, "column": 4 },
        "end": { "line": 230, "column": 72 }
      },
      "89": {
        "start": { "line": 230, "column": 33 },
        "end": { "line": 230, "column": 70 }
      },
      "90": {
        "start": { "line": 232, "column": 4 },
        "end": { "line": 234, "column": 7 }
      },
      "91": {
        "start": { "line": 236, "column": 4 },
        "end": { "line": 236, "column": 25 }
      },
      "92": {
        "start": { "line": 237, "column": 4 },
        "end": { "line": 237, "column": 66 }
      },
      "93": {
        "start": { "line": 241, "column": 0 },
        "end": { "line": 248, "column": 3 }
      },
      "94": {
        "start": { "line": 242, "column": 2 },
        "end": { "line": 247, "column": 5 }
      },
      "95": {
        "start": { "line": 243, "column": 4 },
        "end": { "line": 245, "column": 5 }
      },
      "96": {
        "start": { "line": 244, "column": 6 },
        "end": { "line": 244, "column": 25 }
      },
      "97": {
        "start": { "line": 246, "column": 4 },
        "end": { "line": 246, "column": 27 }
      },
      "98": {
        "start": { "line": 250, "column": 0 },
        "end": { "line": 256, "column": 2 }
      },
      "99": {
        "start": { "line": 254, "column": 4 },
        "end": { "line": 254, "column": 36 }
      },
      "100": {
        "start": { "line": 258, "column": 0 },
        "end": { "line": 265, "column": 2 }
      },
      "101": {
        "start": { "line": 262, "column": 22 },
        "end": { "line": 262, "column": 46 }
      },
      "102": {
        "start": { "line": 263, "column": 4 },
        "end": { "line": 263, "column": 46 }
      },
      "103": {
        "start": { "line": 267, "column": 0 },
        "end": { "line": 285, "column": 2 }
      },
      "104": {
        "start": { "line": 271, "column": 21 },
        "end": { "line": 271, "column": 44 }
      },
      "105": {
        "start": { "line": 272, "column": 21 },
        "end": { "line": 274, "column": 6 }
      },
      "106": {
        "start": { "line": 275, "column": 19 },
        "end": { "line": 275, "column": 50 }
      },
      "107": {
        "start": { "line": 276, "column": 4 },
        "end": { "line": 276, "column": 27 }
      },
      "108": {
        "start": { "line": 277, "column": 16 },
        "end": { "line": 277, "column": 49 }
      },
      "109": {
        "start": { "line": 278, "column": 4 },
        "end": { "line": 283, "column": 7 }
      },
      "110": {
        "start": { "line": 287, "column": 0 },
        "end": { "line": 305, "column": 2 }
      },
      "111": {
        "start": { "line": 291, "column": 21 },
        "end": { "line": 291, "column": 44 }
      },
      "112": {
        "start": { "line": 292, "column": 21 },
        "end": { "line": 294, "column": 6 }
      },
      "113": {
        "start": { "line": 295, "column": 19 },
        "end": { "line": 295, "column": 50 }
      },
      "114": {
        "start": { "line": 296, "column": 4 },
        "end": { "line": 296, "column": 27 }
      },
      "115": {
        "start": { "line": 297, "column": 16 },
        "end": { "line": 297, "column": 49 }
      },
      "116": {
        "start": { "line": 298, "column": 4 },
        "end": { "line": 303, "column": 7 }
      },
      "117": {
        "start": { "line": 307, "column": 0 },
        "end": { "line": 322, "column": 2 }
      },
      "118": {
        "start": { "line": 311, "column": 22 },
        "end": { "line": 311, "column": 46 }
      },
      "119": {
        "start": { "line": 312, "column": 18 },
        "end": { "line": 312, "column": 51 }
      },
      "120": {
        "start": { "line": 313, "column": 18 },
        "end": { "line": 315, "column": 6 }
      },
      "121": {
        "start": { "line": 316, "column": 4 },
        "end": { "line": 320, "column": 7 }
      },
      "122": {
        "start": { "line": 324, "column": 0 },
        "end": { "line": 361, "column": 2 }
      },
      "123": {
        "start": { "line": 329, "column": 4 },
        "end": { "line": 359, "column": 5 }
      },
      "124": {
        "start": { "line": 330, "column": 24 },
        "end": { "line": 330, "column": 39 }
      },
      "125": {
        "start": { "line": 331, "column": 22 },
        "end": { "line": 336, "column": 8 }
      },
      "126": {
        "start": { "line": 338, "column": 34 },
        "end": { "line": 351, "column": 7 }
      },
      "127": {
        "start": { "line": 340, "column": 27 },
        "end": { "line": 340, "column": 36 }
      },
      "128": {
        "start": { "line": 342, "column": 39 },
        "end": { "line": 345, "column": 11 }
      },
      "129": {
        "start": { "line": 346, "column": 10 },
        "end": { "line": 349, "column": 12 }
      },
      "130": {
        "start": { "line": 353, "column": 6 },
        "end": { "line": 355, "column": 9 }
      },
      "131": {
        "start": { "line": 357, "column": 6 },
        "end": { "line": 357, "column": 27 }
      },
      "132": {
        "start": { "line": 358, "column": 6 },
        "end": { "line": 358, "column": 68 }
      },
      "133": {
        "start": { "line": 363, "column": 0 },
        "end": { "line": 390, "column": 2 }
      },
      "134": {
        "start": { "line": 367, "column": 19 },
        "end": { "line": 367, "column": 40 }
      },
      "135": {
        "start": { "line": 368, "column": 22 },
        "end": { "line": 368, "column": 46 }
      },
      "136": {
        "start": { "line": 369, "column": 17 },
        "end": { "line": 369, "column": 44 }
      },
      "137": {
        "start": { "line": 371, "column": 4 },
        "end": { "line": 388, "column": 5 }
      },
      "138": {
        "start": { "line": 372, "column": 24 },
        "end": { "line": 372, "column": 39 }
      },
      "139": {
        "start": { "line": 373, "column": 29 },
        "end": { "line": 378, "column": 8 }
      },
      "140": {
        "start": { "line": 379, "column": 6 },
        "end": { "line": 385, "column": 9 }
      },
      "141": {
        "start": { "line": 387, "column": 6 },
        "end": { "line": 387, "column": 36 }
      },
      "142": {
        "start": { "line": 392, "column": 0 },
        "end": { "line": 409, "column": 2 }
      },
      "143": {
        "start": { "line": 397, "column": 21 },
        "end": { "line": 397, "column": 44 }
      },
      "144": {
        "start": { "line": 398, "column": 19 },
        "end": { "line": 398, "column": 50 }
      },
      "145": {
        "start": { "line": 399, "column": 21 },
        "end": { "line": 401, "column": 6 }
      },
      "146": {
        "start": { "line": 402, "column": 18 },
        "end": { "line": 402, "column": 38 }
      },
      "147": {
        "start": { "line": 403, "column": 4 },
        "end": { "line": 407, "column": 7 }
      },
      "148": {
        "start": { "line": 411, "column": 0 },
        "end": { "line": 420, "column": 2 }
      },
      "149": {
        "start": { "line": 415, "column": 19 },
        "end": { "line": 415, "column": 43 }
      },
      "150": {
        "start": { "line": 416, "column": 20 },
        "end": { "line": 416, "column": 50 }
      },
      "151": {
        "start": { "line": 417, "column": 21 },
        "end": { "line": 417, "column": 37 }
      },
      "152": {
        "start": { "line": 418, "column": 4 },
        "end": { "line": 418, "column": 51 }
      },
      "153": {
        "start": { "line": 422, "column": 0 },
        "end": { "line": 438, "column": 2 }
      },
      "154": {
        "start": { "line": 429, "column": 17 },
        "end": { "line": 429, "column": 53 }
      },
      "155": {
        "start": { "line": 430, "column": 4 },
        "end": { "line": 436, "column": 5 }
      },
      "156": {
        "start": { "line": 431, "column": 6 },
        "end": { "line": 431, "column": 47 }
      },
      "157": {
        "start": { "line": 432, "column": 6 },
        "end": { "line": 432, "column": 37 }
      },
      "158": {
        "start": { "line": 434, "column": 6 },
        "end": { "line": 434, "column": 56 }
      },
      "159": {
        "start": { "line": 435, "column": 6 },
        "end": { "line": 435, "column": 36 }
      },
      "160": {
        "start": { "line": 440, "column": 0 },
        "end": { "line": 456, "column": 2 }
      },
      "161": {
        "start": { "line": 447, "column": 17 },
        "end": { "line": 447, "column": 53 }
      },
      "162": {
        "start": { "line": 448, "column": 4 },
        "end": { "line": 454, "column": 5 }
      },
      "163": {
        "start": { "line": 449, "column": 6 },
        "end": { "line": 449, "column": 46 }
      },
      "164": {
        "start": { "line": 450, "column": 6 },
        "end": { "line": 450, "column": 36 }
      },
      "165": {
        "start": { "line": 452, "column": 6 },
        "end": { "line": 452, "column": 54 }
      },
      "166": {
        "start": { "line": 453, "column": 6 },
        "end": { "line": 453, "column": 36 }
      },
      "167": {
        "start": { "line": 458, "column": 0 },
        "end": { "line": 480, "column": 3 }
      },
      "168": {
        "start": { "line": 459, "column": 2 },
        "end": { "line": 459, "column": 38 }
      },
      "169": {
        "start": { "line": 460, "column": 18 },
        "end": { "line": 460, "column": 68 }
      },
      "170": {
        "start": { "line": 461, "column": 2 },
        "end": { "line": 479, "column": 3 }
      },
      "171": {
        "start": { "line": 462, "column": 21 },
        "end": { "line": 467, "column": 6 }
      },
      "172": {
        "start": { "line": 469, "column": 4 },
        "end": { "line": 474, "column": 7 }
      },
      "173": {
        "start": { "line": 470, "column": 6 },
        "end": { "line": 472, "column": 7 }
      },
      "174": {
        "start": { "line": 471, "column": 8 },
        "end": { "line": 471, "column": 27 }
      },
      "175": {
        "start": { "line": 473, "column": 6 },
        "end": { "line": 473, "column": 37 }
      },
      "176": {
        "start": { "line": 476, "column": 4 },
        "end": { "line": 476, "column": 25 }
      },
      "177": {
        "start": { "line": 477, "column": 4 },
        "end": { "line": 477, "column": 65 }
      },
      "178": {
        "start": { "line": 478, "column": 4 },
        "end": { "line": 478, "column": 36 }
      },
      "179": {
        "start": { "line": 482, "column": 0 },
        "end": { "line": 504, "column": 3 }
      },
      "180": {
        "start": { "line": 483, "column": 2 },
        "end": { "line": 483, "column": 36 }
      },
      "181": {
        "start": { "line": 484, "column": 18 },
        "end": { "line": 484, "column": 68 }
      },
      "182": {
        "start": { "line": 485, "column": 2 },
        "end": { "line": 503, "column": 3 }
      },
      "183": {
        "start": { "line": 486, "column": 20 },
        "end": { "line": 491, "column": 6 }
      },
      "184": {
        "start": { "line": 493, "column": 4 },
        "end": { "line": 498, "column": 7 }
      },
      "185": {
        "start": { "line": 494, "column": 6 },
        "end": { "line": 496, "column": 7 }
      },
      "186": {
        "start": { "line": 495, "column": 8 },
        "end": { "line": 495, "column": 27 }
      },
      "187": {
        "start": { "line": 497, "column": 6 },
        "end": { "line": 497, "column": 36 }
      },
      "188": {
        "start": { "line": 500, "column": 4 },
        "end": { "line": 500, "column": 25 }
      },
      "189": {
        "start": { "line": 501, "column": 4 },
        "end": { "line": 501, "column": 65 }
      },
      "190": {
        "start": { "line": 502, "column": 4 },
        "end": { "line": 502, "column": 36 }
      },
      "191": {
        "start": { "line": 506, "column": 0 },
        "end": { "line": 545, "column": 3 }
      },
      "192": {
        "start": { "line": 507, "column": 2 },
        "end": { "line": 507, "column": 32 }
      },
      "193": {
        "start": { "line": 508, "column": 17 },
        "end": { "line": 508, "column": 28 }
      },
      "194": {
        "start": { "line": 509, "column": 22 },
        "end": { "line": 509, "column": 42 }
      },
      "195": {
        "start": { "line": 510, "column": 22 },
        "end": { "line": 510, "column": 42 }
      },
      "196": {
        "start": { "line": 511, "column": 26 },
        "end": { "line": 511, "column": 50 }
      },
      "197": {
        "start": { "line": 512, "column": 2 },
        "end": { "line": 544, "column": 3 }
      },
      "198": {
        "start": { "line": 513, "column": 17 },
        "end": { "line": 513, "column": 44 }
      },
      "199": {
        "start": { "line": 515, "column": 20 },
        "end": { "line": 515, "column": 68 }
      },
      "200": {
        "start": { "line": 517, "column": 4 },
        "end": { "line": 520, "column": 5 }
      },
      "201": {
        "start": { "line": 518, "column": 6 },
        "end": { "line": 518, "column": 51 }
      },
      "202": {
        "start": { "line": 519, "column": 6 },
        "end": { "line": 519, "column": 44 }
      },
      "203": {
        "start": { "line": 523, "column": 4 },
        "end": { "line": 526, "column": 5 }
      },
      "204": {
        "start": { "line": 524, "column": 6 },
        "end": { "line": 524, "column": 73 }
      },
      "205": {
        "start": { "line": 525, "column": 6 },
        "end": { "line": 525, "column": 44 }
      },
      "206": {
        "start": { "line": 529, "column": 27 },
        "end": { "line": 529, "column": 61 }
      },
      "207": {
        "start": { "line": 532, "column": 4 },
        "end": { "line": 532, "column": 35 }
      },
      "208": {
        "start": { "line": 533, "column": 4 },
        "end": { "line": 533, "column": 22 }
      },
      "209": {
        "start": { "line": 535, "column": 4 },
        "end": { "line": 537, "column": 5 }
      },
      "210": {
        "start": { "line": 536, "column": 6 },
        "end": { "line": 536, "column": 32 }
      },
      "211": {
        "start": { "line": 538, "column": 4 },
        "end": { "line": 540, "column": 5 }
      },
      "212": {
        "start": { "line": 539, "column": 6 },
        "end": { "line": 539, "column": 31 }
      },
      "213": {
        "start": { "line": 542, "column": 4 },
        "end": { "line": 542, "column": 25 }
      },
      "214": {
        "start": { "line": 543, "column": 4 },
        "end": { "line": 543, "column": 50 }
      },
      "215": {
        "start": { "line": 547, "column": 0 },
        "end": { "line": 568, "column": 2 }
      },
      "216": {
        "start": { "line": 551, "column": 4 },
        "end": { "line": 551, "column": 37 }
      },
      "217": {
        "start": { "line": 552, "column": 4 },
        "end": { "line": 566, "column": 5 }
      },
      "218": {
        "start": { "line": 553, "column": 6 },
        "end": { "line": 556, "column": 7 }
      },
      "219": {
        "start": { "line": 554, "column": 8 },
        "end": { "line": 554, "column": 62 }
      },
      "220": {
        "start": { "line": 555, "column": 8 },
        "end": { "line": 555, "column": 50 }
      },
      "221": {
        "start": { "line": 557, "column": 28 },
        "end": { "line": 560, "column": 8 }
      },
      "222": {
        "start": { "line": 561, "column": 23 },
        "end": { "line": 561, "column": 39 }
      },
      "223": {
        "start": { "line": 562, "column": 6 },
        "end": { "line": 562, "column": 53 }
      },
      "224": {
        "start": { "line": 564, "column": 6 },
        "end": { "line": 564, "column": 27 }
      },
      "225": {
        "start": { "line": 565, "column": 6 },
        "end": { "line": 565, "column": 68 }
      },
      "226": {
        "start": { "line": 570, "column": 0 },
        "end": { "line": 593, "column": 2 }
      },
      "227": {
        "start": { "line": 574, "column": 4 },
        "end": { "line": 574, "column": 51 }
      },
      "228": {
        "start": { "line": 575, "column": 4 },
        "end": { "line": 591, "column": 5 }
      },
      "229": {
        "start": { "line": 576, "column": 23 },
        "end": { "line": 576, "column": 46 }
      },
      "230": {
        "start": { "line": 577, "column": 29 },
        "end": { "line": 581, "column": 8 }
      },
      "231": {
        "start": { "line": 582, "column": 24 },
        "end": { "line": 582, "column": 41 }
      },
      "232": {
        "start": { "line": 583, "column": 22 },
        "end": { "line": 583, "column": 55 }
      },
      "233": {
        "start": { "line": 584, "column": 20 },
        "end": { "line": 586, "column": 8 }
      },
      "234": {
        "start": { "line": 587, "column": 6 },
        "end": { "line": 587, "column": 56 }
      },
      "235": {
        "start": { "line": 589, "column": 6 },
        "end": { "line": 589, "column": 27 }
      },
      "236": {
        "start": { "line": 590, "column": 6 },
        "end": { "line": 590, "column": 68 }
      },
      "237": {
        "start": { "line": 595, "column": 0 },
        "end": { "line": 617, "column": 2 }
      },
      "238": {
        "start": { "line": 599, "column": 4 },
        "end": { "line": 599, "column": 49 }
      },
      "239": {
        "start": { "line": 600, "column": 4 },
        "end": { "line": 615, "column": 5 }
      },
      "240": {
        "start": { "line": 601, "column": 24 },
        "end": { "line": 601, "column": 48 }
      },
      "241": {
        "start": { "line": 602, "column": 6 },
        "end": { "line": 606, "column": 9 }
      },
      "242": {
        "start": { "line": 607, "column": 22 },
        "end": { "line": 607, "column": 55 }
      },
      "243": {
        "start": { "line": 608, "column": 20 },
        "end": { "line": 610, "column": 8 }
      },
      "244": {
        "start": { "line": 611, "column": 6 },
        "end": { "line": 611, "column": 56 }
      },
      "245": {
        "start": { "line": 613, "column": 6 },
        "end": { "line": 613, "column": 27 }
      },
      "246": {
        "start": { "line": 614, "column": 6 },
        "end": { "line": 614, "column": 68 }
      },
      "247": {
        "start": { "line": 619, "column": 0 },
        "end": { "line": 649, "column": 2 }
      },
      "248": {
        "start": { "line": 624, "column": 4 },
        "end": { "line": 624, "column": 41 }
      },
      "249": {
        "start": { "line": 625, "column": 4 },
        "end": { "line": 647, "column": 5 }
      },
      "250": {
        "start": { "line": 626, "column": 23 },
        "end": { "line": 626, "column": 46 }
      },
      "251": {
        "start": { "line": 627, "column": 21 },
        "end": { "line": 627, "column": 52 }
      },
      "252": {
        "start": { "line": 628, "column": 18 },
        "end": { "line": 628, "column": 51 }
      },
      "253": {
        "start": { "line": 629, "column": 23 },
        "end": { "line": 631, "column": 8 }
      },
      "254": {
        "start": { "line": 632, "column": 6 },
        "end": { "line": 632, "column": 41 }
      },
      "255": {
        "start": { "line": 633, "column": 24 },
        "end": { "line": 633, "column": 39 }
      },
      "256": {
        "start": { "line": 634, "column": 6 },
        "end": { "line": 637, "column": 9 }
      },
      "257": {
        "start": { "line": 638, "column": 6 },
        "end": { "line": 643, "column": 9 }
      },
      "258": {
        "start": { "line": 645, "column": 6 },
        "end": { "line": 645, "column": 27 }
      },
      "259": {
        "start": { "line": 646, "column": 6 },
        "end": { "line": 646, "column": 68 }
      },
      "260": {
        "start": { "line": 651, "column": 0 },
        "end": { "line": 671, "column": 2 }
      },
      "261": {
        "start": { "line": 656, "column": 4 },
        "end": { "line": 656, "column": 47 }
      },
      "262": {
        "start": { "line": 657, "column": 17 },
        "end": { "line": 657, "column": 59 }
      },
      "263": {
        "start": { "line": 658, "column": 4 },
        "end": { "line": 669, "column": 5 }
      },
      "264": {
        "start": { "line": 659, "column": 25 },
        "end": { "line": 659, "column": 72 }
      },
      "265": {
        "start": { "line": 660, "column": 6 },
        "end": { "line": 663, "column": 9 }
      },
      "266": {
        "start": { "line": 664, "column": 6 },
        "end": { "line": 664, "column": 42 }
      },
      "267": {
        "start": { "line": 665, "column": 6 },
        "end": { "line": 665, "column": 32 }
      },
      "268": {
        "start": { "line": 667, "column": 6 },
        "end": { "line": 667, "column": 27 }
      },
      "269": {
        "start": { "line": 668, "column": 6 },
        "end": { "line": 668, "column": 68 }
      },
      "270": {
        "start": { "line": 673, "column": 0 },
        "end": { "line": 693, "column": 2 }
      },
      "271": {
        "start": { "line": 677, "column": 4 },
        "end": { "line": 677, "column": 35 }
      },
      "272": {
        "start": { "line": 678, "column": 4 },
        "end": { "line": 691, "column": 5 }
      },
      "273": {
        "start": { "line": 679, "column": 21 },
        "end": { "line": 679, "column": 42 }
      },
      "274": {
        "start": { "line": 680, "column": 19 },
        "end": { "line": 680, "column": 46 }
      },
      "275": {
        "start": { "line": 681, "column": 6 },
        "end": { "line": 687, "column": 7 }
      },
      "276": {
        "start": { "line": 683, "column": 8 },
        "end": { "line": 683, "column": 29 }
      },
      "277": {
        "start": { "line": 684, "column": 8 },
        "end": { "line": 684, "column": 76 }
      },
      "278": {
        "start": { "line": 686, "column": 8 },
        "end": { "line": 686, "column": 63 }
      },
      "279": {
        "start": { "line": 689, "column": 6 },
        "end": { "line": 689, "column": 27 }
      },
      "280": {
        "start": { "line": 690, "column": 6 },
        "end": { "line": 690, "column": 68 }
      },
      "281": {
        "start": { "line": 695, "column": 0 },
        "end": { "line": 716, "column": 2 }
      },
      "282": {
        "start": { "line": 699, "column": 4 },
        "end": { "line": 699, "column": 38 }
      },
      "283": {
        "start": { "line": 700, "column": 4 },
        "end": { "line": 714, "column": 5 }
      },
      "284": {
        "start": { "line": 701, "column": 24 },
        "end": { "line": 701, "column": 48 }
      },
      "285": {
        "start": { "line": 702, "column": 22 },
        "end": { "line": 702, "column": 55 }
      },
      "286": {
        "start": { "line": 703, "column": 6 },
        "end": { "line": 710, "column": 7 }
      },
      "287": {
        "start": { "line": 705, "column": 8 },
        "end": { "line": 705, "column": 53 }
      },
      "288": {
        "start": { "line": 706, "column": 8 },
        "end": { "line": 706, "column": 32 }
      },
      "289": {
        "start": { "line": 707, "column": 8 },
        "end": { "line": 707, "column": 79 }
      },
      "290": {
        "start": { "line": 709, "column": 8 },
        "end": { "line": 709, "column": 66 }
      },
      "291": {
        "start": { "line": 712, "column": 6 },
        "end": { "line": 712, "column": 27 }
      },
      "292": {
        "start": { "line": 713, "column": 6 },
        "end": { "line": 713, "column": 68 }
      },
      "293": {
        "start": { "line": 718, "column": 0 },
        "end": { "line": 749, "column": 2 }
      },
      "294": {
        "start": { "line": 722, "column": 4 },
        "end": { "line": 722, "column": 37 }
      },
      "295": {
        "start": { "line": 723, "column": 4 },
        "end": { "line": 747, "column": 5 }
      },
      "296": {
        "start": { "line": 724, "column": 23 },
        "end": { "line": 724, "column": 46 }
      },
      "297": {
        "start": { "line": 725, "column": 21 },
        "end": { "line": 725, "column": 52 }
      },
      "298": {
        "start": { "line": 726, "column": 6 },
        "end": { "line": 743, "column": 7 }
      },
      "299": {
        "start": { "line": 728, "column": 25 },
        "end": { "line": 730, "column": 10 }
      },
      "300": {
        "start": { "line": 732, "column": 8 },
        "end": { "line": 734, "column": 11 }
      },
      "301": {
        "start": { "line": 733, "column": 56 },
        "end": { "line": 733, "column": 66 }
      },
      "302": {
        "start": { "line": 737, "column": 8 },
        "end": { "line": 737, "column": 65 }
      },
      "303": {
        "start": { "line": 738, "column": 8 },
        "end": { "line": 738, "column": 71 }
      },
      "304": {
        "start": { "line": 739, "column": 8 },
        "end": { "line": 739, "column": 31 }
      },
      "305": {
        "start": { "line": 740, "column": 8 },
        "end": { "line": 740, "column": 48 }
      },
      "306": {
        "start": { "line": 742, "column": 8 },
        "end": { "line": 742, "column": 65 }
      },
      "307": {
        "start": { "line": 745, "column": 6 },
        "end": { "line": 745, "column": 27 }
      },
      "308": {
        "start": { "line": 746, "column": 6 },
        "end": { "line": 746, "column": 68 }
      },
      "309": {
        "start": { "line": 751, "column": 0 },
        "end": { "line": 751, "column": 21 }
      }
    },
    "fnMap": {
      "0": {
        "name": "(anonymous_0)",
        "decl": {
          "start": { "line": 28, "column": 8 },
          "end": { "line": 28, "column": 9 }
        },
        "loc": {
          "start": { "line": 28, "column": 43 },
          "end": { "line": 31, "column": 1 }
        },
        "line": 28
      },
      "1": {
        "name": "(anonymous_1)",
        "decl": {
          "start": { "line": 41, "column": 4 },
          "end": { "line": 41, "column": 5 }
        },
        "loc": {
          "start": { "line": 41, "column": 34 },
          "end": { "line": 58, "column": 5 }
        },
        "line": 41
      },
      "2": {
        "name": "(anonymous_2)",
        "decl": {
          "start": { "line": 43, "column": 14 },
          "end": { "line": 43, "column": 15 }
        },
        "loc": {
          "start": { "line": 43, "column": 30 },
          "end": { "line": 54, "column": 9 }
        },
        "line": 43
      },
      "3": {
        "name": "(anonymous_3)",
        "decl": {
          "start": { "line": 55, "column": 15 },
          "end": { "line": 55, "column": 16 }
        },
        "loc": {
          "start": { "line": 55, "column": 26 },
          "end": { "line": 57, "column": 9 }
        },
        "line": 55
      },
      "4": {
        "name": "(anonymous_4)",
        "decl": {
          "start": { "line": 62, "column": 23 },
          "end": { "line": 62, "column": 24 }
        },
        "loc": {
          "start": { "line": 62, "column": 39 },
          "end": { "line": 64, "column": 1 }
        },
        "line": 62
      },
      "5": {
        "name": "(anonymous_5)",
        "decl": {
          "start": { "line": 66, "column": 25 },
          "end": { "line": 66, "column": 26 }
        },
        "loc": {
          "start": { "line": 66, "column": 39 },
          "end": { "line": 74, "column": 1 }
        },
        "line": 66
      },
      "6": {
        "name": "(anonymous_6)",
        "decl": {
          "start": { "line": 68, "column": 10 },
          "end": { "line": 68, "column": 11 }
        },
        "loc": {
          "start": { "line": 68, "column": 20 },
          "end": { "line": 70, "column": 5 }
        },
        "line": 68
      },
      "7": {
        "name": "(anonymous_7)",
        "decl": {
          "start": { "line": 71, "column": 11 },
          "end": { "line": 71, "column": 12 }
        },
        "loc": {
          "start": { "line": 71, "column": 22 },
          "end": { "line": 73, "column": 5 }
        },
        "line": 71
      },
      "8": {
        "name": "(anonymous_8)",
        "decl": {
          "start": { "line": 85, "column": 15 },
          "end": { "line": 85, "column": 16 }
        },
        "loc": {
          "start": { "line": 85, "column": 35 },
          "end": { "line": 90, "column": 1 }
        },
        "line": 85
      },
      "9": {
        "name": "calculateCompletionPercentage",
        "decl": {
          "start": { "line": 95, "column": 15 },
          "end": { "line": 95, "column": 44 }
        },
        "loc": {
          "start": { "line": 95, "column": 66 },
          "end": { "line": 122, "column": 1 }
        },
        "line": 95
      },
      "10": {
        "name": "(anonymous_10)",
        "decl": {
          "start": { "line": 124, "column": 13 },
          "end": { "line": 124, "column": 14 }
        },
        "loc": {
          "start": { "line": 124, "column": 42 },
          "end": { "line": 127, "column": 1 }
        },
        "line": 124
      },
      "11": {
        "name": "(anonymous_11)",
        "decl": {
          "start": { "line": 129, "column": 18 },
          "end": { "line": 129, "column": 19 }
        },
        "loc": {
          "start": { "line": 129, "column": 47 },
          "end": { "line": 131, "column": 1 }
        },
        "line": 129
      },
      "12": {
        "name": "(anonymous_12)",
        "decl": {
          "start": { "line": 133, "column": 22 },
          "end": { "line": 133, "column": 23 }
        },
        "loc": {
          "start": { "line": 133, "column": 51 },
          "end": { "line": 135, "column": 1 }
        },
        "line": 133
      },
      "13": {
        "name": "(anonymous_13)",
        "decl": {
          "start": { "line": 137, "column": 22 },
          "end": { "line": 137, "column": 23 }
        },
        "loc": {
          "start": { "line": 137, "column": 51 },
          "end": { "line": 139, "column": 1 }
        },
        "line": 137
      },
      "14": {
        "name": "(anonymous_14)",
        "decl": {
          "start": { "line": 144, "column": 2 },
          "end": { "line": 144, "column": 3 }
        },
        "loc": {
          "start": { "line": 144, "column": 31 },
          "end": { "line": 153, "column": 3 }
        },
        "line": 144
      },
      "15": {
        "name": "(anonymous_15)",
        "decl": {
          "start": { "line": 159, "column": 2 },
          "end": { "line": 159, "column": 3 }
        },
        "loc": {
          "start": { "line": 159, "column": 31 },
          "end": { "line": 180, "column": 3 }
        },
        "line": 159
      },
      "16": {
        "name": "(anonymous_16)",
        "decl": {
          "start": { "line": 168, "column": 6 },
          "end": { "line": 168, "column": 7 }
        },
        "loc": {
          "start": { "line": 168, "column": 26 },
          "end": { "line": 168, "column": 49 }
        },
        "line": 168
      },
      "17": {
        "name": "(anonymous_17)",
        "decl": {
          "start": { "line": 183, "column": 26 },
          "end": { "line": 183, "column": 27 }
        },
        "loc": {
          "start": { "line": 183, "column": 55 },
          "end": { "line": 187, "column": 1 }
        },
        "line": 183
      },
      "18": {
        "name": "(anonymous_18)",
        "decl": {
          "start": { "line": 189, "column": 26 },
          "end": { "line": 189, "column": 27 }
        },
        "loc": {
          "start": { "line": 189, "column": 55 },
          "end": { "line": 193, "column": 1 }
        },
        "line": 189
      },
      "19": {
        "name": "(anonymous_19)",
        "decl": {
          "start": { "line": 195, "column": 32 },
          "end": { "line": 195, "column": 33 }
        },
        "loc": {
          "start": { "line": 195, "column": 61 },
          "end": { "line": 239, "column": 1 }
        },
        "line": 195
      },
      "20": {
        "name": "(anonymous_20)",
        "decl": {
          "start": { "line": 217, "column": 38 },
          "end": { "line": 217, "column": 39 }
        },
        "loc": {
          "start": { "line": 217, "column": 50 },
          "end": { "line": 227, "column": 5 }
        },
        "line": 217
      },
      "21": {
        "name": "(anonymous_21)",
        "decl": {
          "start": { "line": 230, "column": 23 },
          "end": { "line": 230, "column": 24 }
        },
        "loc": {
          "start": { "line": 230, "column": 33 },
          "end": { "line": 230, "column": 70 }
        },
        "line": 230
      },
      "22": {
        "name": "(anonymous_22)",
        "decl": {
          "start": { "line": 241, "column": 20 },
          "end": { "line": 241, "column": 21 }
        },
        "loc": {
          "start": { "line": 241, "column": 55 },
          "end": { "line": 248, "column": 1 }
        },
        "line": 241
      },
      "23": {
        "name": "(anonymous_23)",
        "decl": {
          "start": { "line": 242, "column": 17 },
          "end": { "line": 242, "column": 18 }
        },
        "loc": {
          "start": { "line": 242, "column": 28 },
          "end": { "line": 247, "column": 3 }
        },
        "line": 242
      },
      "24": {
        "name": "(anonymous_24)",
        "decl": {
          "start": { "line": 253, "column": 2 },
          "end": { "line": 253, "column": 3 }
        },
        "loc": {
          "start": { "line": 253, "column": 31 },
          "end": { "line": 255, "column": 3 }
        },
        "line": 253
      },
      "25": {
        "name": "(anonymous_25)",
        "decl": {
          "start": { "line": 261, "column": 2 },
          "end": { "line": 261, "column": 3 }
        },
        "loc": {
          "start": { "line": 261, "column": 31 },
          "end": { "line": 264, "column": 3 }
        },
        "line": 261
      },
      "26": {
        "name": "(anonymous_26)",
        "decl": {
          "start": { "line": 270, "column": 2 },
          "end": { "line": 270, "column": 3 }
        },
        "loc": {
          "start": { "line": 270, "column": 31 },
          "end": { "line": 284, "column": 3 }
        },
        "line": 270
      },
      "27": {
        "name": "(anonymous_27)",
        "decl": {
          "start": { "line": 290, "column": 2 },
          "end": { "line": 290, "column": 3 }
        },
        "loc": {
          "start": { "line": 290, "column": 31 },
          "end": { "line": 304, "column": 3 }
        },
        "line": 290
      },
      "28": {
        "name": "(anonymous_28)",
        "decl": {
          "start": { "line": 310, "column": 2 },
          "end": { "line": 310, "column": 3 }
        },
        "loc": {
          "start": { "line": 310, "column": 31 },
          "end": { "line": 321, "column": 3 }
        },
        "line": 310
      },
      "29": {
        "name": "(anonymous_29)",
        "decl": {
          "start": { "line": 328, "column": 2 },
          "end": { "line": 328, "column": 3 }
        },
        "loc": {
          "start": { "line": 328, "column": 31 },
          "end": { "line": 360, "column": 3 }
        },
        "line": 328
      },
      "30": {
        "name": "(anonymous_30)",
        "decl": {
          "start": { "line": 339, "column": 20 },
          "end": { "line": 339, "column": 21 }
        },
        "loc": {
          "start": { "line": 339, "column": 38 },
          "end": { "line": 350, "column": 9 }
        },
        "line": 339
      },
      "31": {
        "name": "(anonymous_31)",
        "decl": {
          "start": { "line": 366, "column": 2 },
          "end": { "line": 366, "column": 3 }
        },
        "loc": {
          "start": { "line": 366, "column": 31 },
          "end": { "line": 389, "column": 3 }
        },
        "line": 366
      },
      "32": {
        "name": "(anonymous_32)",
        "decl": {
          "start": { "line": 396, "column": 2 },
          "end": { "line": 396, "column": 3 }
        },
        "loc": {
          "start": { "line": 396, "column": 31 },
          "end": { "line": 408, "column": 3 }
        },
        "line": 396
      },
      "33": {
        "name": "(anonymous_33)",
        "decl": {
          "start": { "line": 414, "column": 2 },
          "end": { "line": 414, "column": 3 }
        },
        "loc": {
          "start": { "line": 414, "column": 31 },
          "end": { "line": 419, "column": 3 }
        },
        "line": 414
      },
      "34": {
        "name": "(anonymous_34)",
        "decl": {
          "start": { "line": 428, "column": 2 },
          "end": { "line": 428, "column": 3 }
        },
        "loc": {
          "start": { "line": 428, "column": 31 },
          "end": { "line": 437, "column": 3 }
        },
        "line": 428
      },
      "35": {
        "name": "(anonymous_35)",
        "decl": {
          "start": { "line": 446, "column": 2 },
          "end": { "line": 446, "column": 3 }
        },
        "loc": {
          "start": { "line": 446, "column": 31 },
          "end": { "line": 455, "column": 3 }
        },
        "line": 446
      },
      "36": {
        "name": "(anonymous_36)",
        "decl": {
          "start": { "line": 458, "column": 22 },
          "end": { "line": 458, "column": 23 }
        },
        "loc": {
          "start": { "line": 458, "column": 51 },
          "end": { "line": 480, "column": 1 }
        },
        "line": 458
      },
      "37": {
        "name": "(anonymous_37)",
        "decl": {
          "start": { "line": 469, "column": 28 },
          "end": { "line": 469, "column": 29 }
        },
        "loc": {
          "start": { "line": 469, "column": 39 },
          "end": { "line": 474, "column": 5 }
        },
        "line": 469
      },
      "38": {
        "name": "(anonymous_38)",
        "decl": {
          "start": { "line": 482, "column": 21 },
          "end": { "line": 482, "column": 22 }
        },
        "loc": {
          "start": { "line": 482, "column": 50 },
          "end": { "line": 504, "column": 1 }
        },
        "line": 482
      },
      "39": {
        "name": "(anonymous_39)",
        "decl": {
          "start": { "line": 493, "column": 27 },
          "end": { "line": 493, "column": 28 }
        },
        "loc": {
          "start": { "line": 493, "column": 38 },
          "end": { "line": 498, "column": 5 }
        },
        "line": 493
      },
      "40": {
        "name": "(anonymous_40)",
        "decl": {
          "start": { "line": 506, "column": 35 },
          "end": { "line": 506, "column": 36 }
        },
        "loc": {
          "start": { "line": 506, "column": 55 },
          "end": { "line": 545, "column": 1 }
        },
        "line": 506
      },
      "41": {
        "name": "(anonymous_41)",
        "decl": {
          "start": { "line": 550, "column": 2 },
          "end": { "line": 550, "column": 3 }
        },
        "loc": {
          "start": { "line": 550, "column": 31 },
          "end": { "line": 567, "column": 3 }
        },
        "line": 550
      },
      "42": {
        "name": "(anonymous_42)",
        "decl": {
          "start": { "line": 573, "column": 2 },
          "end": { "line": 573, "column": 3 }
        },
        "loc": {
          "start": { "line": 573, "column": 31 },
          "end": { "line": 592, "column": 3 }
        },
        "line": 573
      },
      "43": {
        "name": "(anonymous_43)",
        "decl": {
          "start": { "line": 598, "column": 2 },
          "end": { "line": 598, "column": 3 }
        },
        "loc": {
          "start": { "line": 598, "column": 31 },
          "end": { "line": 616, "column": 3 }
        },
        "line": 598
      },
      "44": {
        "name": "(anonymous_44)",
        "decl": {
          "start": { "line": 623, "column": 2 },
          "end": { "line": 623, "column": 3 }
        },
        "loc": {
          "start": { "line": 623, "column": 31 },
          "end": { "line": 648, "column": 3 }
        },
        "line": 623
      },
      "45": {
        "name": "(anonymous_45)",
        "decl": {
          "start": { "line": 655, "column": 2 },
          "end": { "line": 655, "column": 3 }
        },
        "loc": {
          "start": { "line": 655, "column": 31 },
          "end": { "line": 670, "column": 3 }
        },
        "line": 655
      },
      "46": {
        "name": "(anonymous_46)",
        "decl": {
          "start": { "line": 676, "column": 2 },
          "end": { "line": 676, "column": 3 }
        },
        "loc": {
          "start": { "line": 676, "column": 31 },
          "end": { "line": 692, "column": 3 }
        },
        "line": 676
      },
      "47": {
        "name": "(anonymous_47)",
        "decl": {
          "start": { "line": 698, "column": 2 },
          "end": { "line": 698, "column": 3 }
        },
        "loc": {
          "start": { "line": 698, "column": 31 },
          "end": { "line": 715, "column": 3 }
        },
        "line": 698
      },
      "48": {
        "name": "(anonymous_48)",
        "decl": {
          "start": { "line": 721, "column": 2 },
          "end": { "line": 721, "column": 3 }
        },
        "loc": {
          "start": { "line": 721, "column": 31 },
          "end": { "line": 748, "column": 3 }
        },
        "line": 721
      },
      "49": {
        "name": "(anonymous_49)",
        "decl": {
          "start": { "line": 733, "column": 43 },
          "end": { "line": 733, "column": 44 }
        },
        "loc": {
          "start": { "line": 733, "column": 56 },
          "end": { "line": 733, "column": 66 }
        },
        "line": 733
      }
    },
    "branchMap": {
      "0": {
        "loc": {
          "start": { "line": 44, "column": 10 },
          "end": { "line": 46, "column": 11 }
        },
        "type": "if",
        "locations": [
          {
            "start": { "line": 44, "column": 10 },
            "end": { "line": 46, "column": 11 }
          },
          { "start": {}, "end": {} }
        ],
        "line": 44
      },
      "1": {
        "loc": {
          "start": { "line": 49, "column": 10 },
          "end": { "line": 53, "column": 11 }
        },
        "type": "if",
        "locations": [
          {
            "start": { "line": 49, "column": 10 },
            "end": { "line": 53, "column": 11 }
          },
          {
            "start": { "line": 51, "column": 17 },
            "end": { "line": 53, "column": 11 }
          }
        ],
        "line": 49
      },
      "2": {
        "loc": {
          "start": { "line": 86, "column": 2 },
          "end": { "line": 88, "column": 3 }
        },
        "type": "if",
        "locations": [
          {
            "start": { "line": 86, "column": 2 },
            "end": { "line": 88, "column": 3 }
          },
          { "start": {}, "end": {} }
        ],
        "line": 86
      },
      "3": {
        "loc": {
          "start": { "line": 243, "column": 4 },
          "end": { "line": 245, "column": 5 }
        },
        "type": "if",
        "locations": [
          {
            "start": { "line": 243, "column": 4 },
            "end": { "line": 245, "column": 5 }
          },
          { "start": {}, "end": {} }
        ],
        "line": 243
      },
      "4": {
        "loc": {
          "start": { "line": 371, "column": 4 },
          "end": { "line": 388, "column": 5 }
        },
        "type": "if",
        "locations": [
          {
            "start": { "line": 371, "column": 4 },
            "end": { "line": 388, "column": 5 }
          },
          {
            "start": { "line": 386, "column": 11 },
            "end": { "line": 388, "column": 5 }
          }
        ],
        "line": 371
      },
      "5": {
        "loc": {
          "start": { "line": 371, "column": 8 },
          "end": { "line": 371, "column": 43 }
        },
        "type": "binary-expr",
        "locations": [
          {
            "start": { "line": 371, "column": 8 },
            "end": { "line": 371, "column": 12 }
          },
          {
            "start": { "line": 371, "column": 16 },
            "end": { "line": 371, "column": 43 }
          }
        ],
        "line": 371
      },
      "6": {
        "loc": {
          "start": { "line": 384, "column": 19 },
          "end": { "line": 384, "column": 48 }
        },
        "type": "cond-expr",
        "locations": [
          {
            "start": { "line": 384, "column": 36 },
            "end": { "line": 384, "column": 40 }
          },
          {
            "start": { "line": 384, "column": 43 },
            "end": { "line": 384, "column": 48 }
          }
        ],
        "line": 384
      },
      "7": {
        "loc": {
          "start": { "line": 430, "column": 4 },
          "end": { "line": 436, "column": 5 }
        },
        "type": "if",
        "locations": [
          {
            "start": { "line": 430, "column": 4 },
            "end": { "line": 436, "column": 5 }
          },
          {
            "start": { "line": 433, "column": 11 },
            "end": { "line": 436, "column": 5 }
          }
        ],
        "line": 430
      },
      "8": {
        "loc": {
          "start": { "line": 448, "column": 4 },
          "end": { "line": 454, "column": 5 }
        },
        "type": "if",
        "locations": [
          {
            "start": { "line": 448, "column": 4 },
            "end": { "line": 454, "column": 5 }
          },
          {
            "start": { "line": 451, "column": 11 },
            "end": { "line": 454, "column": 5 }
          }
        ],
        "line": 448
      },
      "9": {
        "loc": {
          "start": { "line": 470, "column": 6 },
          "end": { "line": 472, "column": 7 }
        },
        "type": "if",
        "locations": [
          {
            "start": { "line": 470, "column": 6 },
            "end": { "line": 472, "column": 7 }
          },
          { "start": {}, "end": {} }
        ],
        "line": 470
      },
      "10": {
        "loc": {
          "start": { "line": 494, "column": 6 },
          "end": { "line": 496, "column": 7 }
        },
        "type": "if",
        "locations": [
          {
            "start": { "line": 494, "column": 6 },
            "end": { "line": 496, "column": 7 }
          },
          { "start": {}, "end": {} }
        ],
        "line": 494
      },
      "11": {
        "loc": {
          "start": { "line": 517, "column": 4 },
          "end": { "line": 520, "column": 5 }
        },
        "type": "if",
        "locations": [
          {
            "start": { "line": 517, "column": 4 },
            "end": { "line": 520, "column": 5 }
          },
          { "start": {}, "end": {} }
        ],
        "line": 517
      },
      "12": {
        "loc": {
          "start": { "line": 523, "column": 4 },
          "end": { "line": 526, "column": 5 }
        },
        "type": "if",
        "locations": [
          {
            "start": { "line": 523, "column": 4 },
            "end": { "line": 526, "column": 5 }
          },
          { "start": {}, "end": {} }
        ],
        "line": 523
      },
      "13": {
        "loc": {
          "start": { "line": 535, "column": 4 },
          "end": { "line": 537, "column": 5 }
        },
        "type": "if",
        "locations": [
          {
            "start": { "line": 535, "column": 4 },
            "end": { "line": 537, "column": 5 }
          },
          { "start": {}, "end": {} }
        ],
        "line": 535
      },
      "14": {
        "loc": {
          "start": { "line": 538, "column": 4 },
          "end": { "line": 540, "column": 5 }
        },
        "type": "if",
        "locations": [
          {
            "start": { "line": 538, "column": 4 },
            "end": { "line": 540, "column": 5 }
          },
          { "start": {}, "end": {} }
        ],
        "line": 538
      },
      "15": {
        "loc": {
          "start": { "line": 553, "column": 6 },
          "end": { "line": 556, "column": 7 }
        },
        "type": "if",
        "locations": [
          {
            "start": { "line": 553, "column": 6 },
            "end": { "line": 556, "column": 7 }
          },
          { "start": {}, "end": {} }
        ],
        "line": 553
      },
      "16": {
        "loc": {
          "start": { "line": 681, "column": 6 },
          "end": { "line": 687, "column": 7 }
        },
        "type": "if",
        "locations": [
          {
            "start": { "line": 681, "column": 6 },
            "end": { "line": 687, "column": 7 }
          },
          {
            "start": { "line": 685, "column": 13 },
            "end": { "line": 687, "column": 7 }
          }
        ],
        "line": 681
      },
      "17": {
        "loc": {
          "start": { "line": 703, "column": 6 },
          "end": { "line": 710, "column": 7 }
        },
        "type": "if",
        "locations": [
          {
            "start": { "line": 703, "column": 6 },
            "end": { "line": 710, "column": 7 }
          },
          {
            "start": { "line": 708, "column": 13 },
            "end": { "line": 710, "column": 7 }
          }
        ],
        "line": 703
      },
      "18": {
        "loc": {
          "start": { "line": 726, "column": 6 },
          "end": { "line": 743, "column": 7 }
        },
        "type": "if",
        "locations": [
          {
            "start": { "line": 726, "column": 6 },
            "end": { "line": 743, "column": 7 }
          },
          {
            "start": { "line": 741, "column": 13 },
            "end": { "line": 743, "column": 7 }
          }
        ],
        "line": 726
      }
    },
    "s": {
      "0": 1,
      "1": 1,
      "2": 1,
      "3": 1,
      "4": 1,
      "5": 1,
      "6": 1,
      "7": 1,
      "8": 1,
      "9": 1,
      "10": 1,
      "11": 1,
      "12": 1,
      "13": 1,
      "14": 1,
      "15": 1,
      "16": 1,
      "17": 1,
      "18": 1,
      "19": 7,
      "20": 7,
      "21": 1,
      "22": 1,
      "23": 1,
      "24": 0,
      "25": 0,
      "26": 0,
      "27": 0,
      "28": 0,
      "29": 0,
      "30": 0,
      "31": 0,
      "32": 1,
      "33": 0,
      "34": 1,
      "35": 0,
      "36": 0,
      "37": 0,
      "38": 1,
      "39": 1,
      "40": 0,
      "41": 0,
      "42": 0,
      "43": 1,
      "44": 0,
      "45": 0,
      "46": 0,
      "47": 0,
      "48": 0,
      "49": 0,
      "50": 1,
      "51": 0,
      "52": 0,
      "53": 1,
      "54": 0,
      "55": 1,
      "56": 0,
      "57": 1,
      "58": 0,
      "59": 1,
      "60": 0,
      "61": 0,
      "62": 1,
      "63": 0,
      "64": 0,
      "65": 0,
      "66": 0,
      "67": 0,
      "68": 0,
      "69": 1,
      "70": 0,
      "71": 0,
      "72": 0,
      "73": 1,
      "74": 0,
      "75": 0,
      "76": 0,
      "77": 1,
      "78": 0,
      "79": 0,
      "80": 0,
      "81": 0,
      "82": 0,
      "83": 0,
      "84": 0,
      "85": 0,
      "86": 0,
      "87": 0,
      "88": 0,
      "89": 0,
      "90": 0,
      "91": 0,
      "92": 0,
      "93": 1,
      "94": 0,
      "95": 0,
      "96": 0,
      "97": 0,
      "98": 1,
      "99": 0,
      "100": 1,
      "101": 0,
      "102": 0,
      "103": 1,
      "104": 0,
      "105": 0,
      "106": 0,
      "107": 0,
      "108": 0,
      "109": 0,
      "110": 1,
      "111": 0,
      "112": 0,
      "113": 0,
      "114": 0,
      "115": 0,
      "116": 0,
      "117": 1,
      "118": 0,
      "119": 0,
      "120": 0,
      "121": 0,
      "122": 1,
      "123": 0,
      "124": 0,
      "125": 0,
      "126": 0,
      "127": 0,
      "128": 0,
      "129": 0,
      "130": 0,
      "131": 0,
      "132": 0,
      "133": 1,
      "134": 0,
      "135": 0,
      "136": 0,
      "137": 0,
      "138": 0,
      "139": 0,
      "140": 0,
      "141": 0,
      "142": 1,
      "143": 0,
      "144": 0,
      "145": 0,
      "146": 0,
      "147": 0,
      "148": 1,
      "149": 0,
      "150": 0,
      "151": 0,
      "152": 0,
      "153": 1,
      "154": 0,
      "155": 0,
      "156": 0,
      "157": 0,
      "158": 0,
      "159": 0,
      "160": 1,
      "161": 0,
      "162": 0,
      "163": 0,
      "164": 0,
      "165": 0,
      "166": 0,
      "167": 1,
      "168": 0,
      "169": 0,
      "170": 0,
      "171": 0,
      "172": 0,
      "173": 0,
      "174": 0,
      "175": 0,
      "176": 0,
      "177": 0,
      "178": 0,
      "179": 1,
      "180": 0,
      "181": 0,
      "182": 0,
      "183": 0,
      "184": 0,
      "185": 0,
      "186": 0,
      "187": 0,
      "188": 0,
      "189": 0,
      "190": 0,
      "191": 1,
      "192": 0,
      "193": 0,
      "194": 0,
      "195": 0,
      "196": 0,
      "197": 0,
      "198": 0,
      "199": 0,
      "200": 0,
      "201": 0,
      "202": 0,
      "203": 0,
      "204": 0,
      "205": 0,
      "206": 0,
      "207": 0,
      "208": 0,
      "209": 0,
      "210": 0,
      "211": 0,
      "212": 0,
      "213": 0,
      "214": 0,
      "215": 1,
      "216": 0,
      "217": 0,
      "218": 0,
      "219": 0,
      "220": 0,
      "221": 0,
      "222": 0,
      "223": 0,
      "224": 0,
      "225": 0,
      "226": 1,
      "227": 0,
      "228": 0,
      "229": 0,
      "230": 0,
      "231": 0,
      "232": 0,
      "233": 0,
      "234": 0,
      "235": 0,
      "236": 0,
      "237": 1,
      "238": 0,
      "239": 0,
      "240": 0,
      "241": 0,
      "242": 0,
      "243": 0,
      "244": 0,
      "245": 0,
      "246": 0,
      "247": 1,
      "248": 0,
      "249": 0,
      "250": 0,
      "251": 0,
      "252": 0,
      "253": 0,
      "254": 0,
      "255": 0,
      "256": 0,
      "257": 0,
      "258": 0,
      "259": 0,
      "260": 1,
      "261": 0,
      "262": 0,
      "263": 0,
      "264": 0,
      "265": 0,
      "266": 0,
      "267": 0,
      "268": 0,
      "269": 0,
      "270": 1,
      "271": 0,
      "272": 0,
      "273": 0,
      "274": 0,
      "275": 0,
      "276": 0,
      "277": 0,
      "278": 0,
      "279": 0,
      "280": 0,
      "281": 1,
      "282": 0,
      "283": 0,
      "284": 0,
      "285": 0,
      "286": 0,
      "287": 0,
      "288": 0,
      "289": 0,
      "290": 0,
      "291": 0,
      "292": 0,
      "293": 1,
      "294": 0,
      "295": 0,
      "296": 0,
      "297": 0,
      "298": 0,
      "299": 0,
      "300": 0,
      "301": 0,
      "302": 0,
      "303": 0,
      "304": 0,
      "305": 0,
      "306": 0,
      "307": 0,
      "308": 0,
      "309": 1
    },
    "f": {
      "0": 7,
      "1": 0,
      "2": 0,
      "3": 0,
      "4": 0,
      "5": 0,
      "6": 0,
      "7": 0,
      "8": 0,
      "9": 0,
      "10": 0,
      "11": 0,
      "12": 0,
      "13": 0,
      "14": 0,
      "15": 0,
      "16": 0,
      "17": 0,
      "18": 0,
      "19": 0,
      "20": 0,
      "21": 0,
      "22": 0,
      "23": 0,
      "24": 0,
      "25": 0,
      "26": 0,
      "27": 0,
      "28": 0,
      "29": 0,
      "30": 0,
      "31": 0,
      "32": 0,
      "33": 0,
      "34": 0,
      "35": 0,
      "36": 0,
      "37": 0,
      "38": 0,
      "39": 0,
      "40": 0,
      "41": 0,
      "42": 0,
      "43": 0,
      "44": 0,
      "45": 0,
      "46": 0,
      "47": 0,
      "48": 0,
      "49": 0
    },
    "b": {
      "0": [0, 0],
      "1": [0, 0],
      "2": [0, 0],
      "3": [0, 0],
      "4": [0, 0],
      "5": [0, 0],
      "6": [0, 0],
      "7": [0, 0],
      "8": [0, 0],
      "9": [0, 0],
      "10": [0, 0],
      "11": [0, 0],
      "12": [0, 0],
      "13": [0, 0],
      "14": [0, 0],
      "15": [0, 0],
      "16": [0, 0],
      "17": [0, 0],
      "18": [0, 0]
    },
    "_coverageSchema": "1a1c01bbd47fc00a2c39e90264f33305004495a9",
    "hash": "75ea24b2efeef402afdec18af24a3cbd7b0c8a1d"
  },
  "D:\\college\\pupilsfirst\\lms capstone\\models\\PageComp.js": {
    "path": "D:\\college\\pupilsfirst\\lms capstone\\models\\PageComp.js",
    "statementMap": {
      "0": {
        "start": { "line": 2, "column": 18 },
        "end": { "line": 2, "column": 38 }
      },
      "1": {
        "start": { "line": 3, "column": 0 },
        "end": { "line": 28, "column": 2 }
      },
      "2": {
        "start": { "line": 12, "column": 6 },
        "end": { "line": 14, "column": 9 }
      },
      "3": {
        "start": { "line": 15, "column": 6 },
        "end": { "line": 17, "column": 9 }
      },
      "4": {
        "start": { "line": 20, "column": 2 },
        "end": { "line": 26, "column": 4 }
      },
      "5": {
        "start": { "line": 27, "column": 2 },
        "end": { "line": 27, "column": 18 }
      }
    },
    "fnMap": {
      "0": {
        "name": "(anonymous_0)",
        "decl": {
          "start": { "line": 3, "column": 17 },
          "end": { "line": 3, "column": 18 }
        },
        "loc": {
          "start": { "line": 3, "column": 32 },
          "end": { "line": 28, "column": 1 }
        },
        "line": 3
      },
      "1": {
        "name": "(anonymous_1)",
        "decl": {
          "start": { "line": 10, "column": 4 },
          "end": { "line": 10, "column": 5 }
        },
        "loc": {
          "start": { "line": 10, "column": 29 },
          "end": { "line": 18, "column": 5 }
        },
        "line": 10
      }
    },
    "branchMap": {},
    "s": { "0": 1, "1": 1, "2": 1, "3": 1, "4": 1, "5": 1 },
    "f": { "0": 1, "1": 1 },
    "b": {},
    "_coverageSchema": "1a1c01bbd47fc00a2c39e90264f33305004495a9",
    "hash": "b9491a55a110b23eec85797ee262f85215bafca2"
  },
  "D:\\college\\pupilsfirst\\lms capstone\\models\\StudentCourse.js": {
    "path": "D:\\college\\pupilsfirst\\lms capstone\\models\\StudentCourse.js",
    "statementMap": {
      "0": {
        "start": { "line": 2, "column": 18 },
        "end": { "line": 2, "column": 38 }
      },
      "1": {
        "start": { "line": 3, "column": 0 },
        "end": { "line": 28, "column": 2 }
      },
      "2": {
        "start": { "line": 12, "column": 6 },
        "end": { "line": 14, "column": 9 }
      },
      "3": {
        "start": { "line": 15, "column": 6 },
        "end": { "line": 17, "column": 9 }
      },
      "4": {
        "start": { "line": 20, "column": 2 },
        "end": { "line": 26, "column": 4 }
      },
      "5": {
        "start": { "line": 27, "column": 2 },
        "end": { "line": 27, "column": 23 }
      }
    },
    "fnMap": {
      "0": {
        "name": "(anonymous_0)",
        "decl": {
          "start": { "line": 3, "column": 17 },
          "end": { "line": 3, "column": 18 }
        },
        "loc": {
          "start": { "line": 3, "column": 32 },
          "end": { "line": 28, "column": 1 }
        },
        "line": 3
      },
      "1": {
        "name": "(anonymous_1)",
        "decl": {
          "start": { "line": 10, "column": 4 },
          "end": { "line": 10, "column": 5 }
        },
        "loc": {
          "start": { "line": 10, "column": 29 },
          "end": { "line": 18, "column": 5 }
        },
        "line": 10
      }
    },
    "branchMap": {},
    "s": { "0": 1, "1": 1, "2": 1, "3": 1, "4": 1, "5": 1 },
    "f": { "0": 1, "1": 1 },
    "b": {},
    "_coverageSchema": "1a1c01bbd47fc00a2c39e90264f33305004495a9",
    "hash": "733e545224e963f1e42f234d6eb2f185a936494b"
  },
  "D:\\college\\pupilsfirst\\lms capstone\\models\\chapter.js": {
    "path": "D:\\college\\pupilsfirst\\lms capstone\\models\\chapter.js",
    "statementMap": {
      "0": {
        "start": { "line": 2, "column": 18 },
        "end": { "line": 2, "column": 38 }
      },
      "1": {
        "start": { "line": 3, "column": 0 },
        "end": { "line": 32, "column": 2 }
      },
      "2": {
        "start": { "line": 12, "column": 6 },
        "end": { "line": 14, "column": 9 }
      },
      "3": {
        "start": { "line": 15, "column": 6 },
        "end": { "line": 18, "column": 9 }
      },
      "4": {
        "start": { "line": 21, "column": 2 },
        "end": { "line": 30, "column": 4 }
      },
      "5": {
        "start": { "line": 31, "column": 2 },
        "end": { "line": 31, "column": 17 }
      }
    },
    "fnMap": {
      "0": {
        "name": "(anonymous_0)",
        "decl": {
          "start": { "line": 3, "column": 17 },
          "end": { "line": 3, "column": 18 }
        },
        "loc": {
          "start": { "line": 3, "column": 43 },
          "end": { "line": 32, "column": 1 }
        },
        "line": 3
      },
      "1": {
        "name": "(anonymous_1)",
        "decl": {
          "start": { "line": 10, "column": 4 },
          "end": { "line": 10, "column": 5 }
        },
        "loc": {
          "start": { "line": 10, "column": 29 },
          "end": { "line": 19, "column": 5 }
        },
        "line": 10
      }
    },
    "branchMap": {},
    "s": { "0": 1, "1": 1, "2": 1, "3": 1, "4": 1, "5": 1 },
    "f": { "0": 1, "1": 1 },
    "b": {},
    "_coverageSchema": "1a1c01bbd47fc00a2c39e90264f33305004495a9",
    "hash": "ddebd1aa3f248ca202e1172d63c288ab53fa68e0"
  },
  "D:\\college\\pupilsfirst\\lms capstone\\models\\course.js": {
    "path": "D:\\college\\pupilsfirst\\lms capstone\\models\\course.js",
    "statementMap": {
      "0": {
        "start": { "line": 2, "column": 18 },
        "end": { "line": 2, "column": 38 }
      },
      "1": {
        "start": { "line": 3, "column": 0 },
        "end": { "line": 53, "column": 2 }
      },
      "2": {
        "start": { "line": 12, "column": 6 },
        "end": { "line": 14, "column": 9 }
      },
      "3": {
        "start": { "line": 15, "column": 6 },
        "end": { "line": 18, "column": 9 }
      },
      "4": {
        "start": { "line": 19, "column": 6 },
        "end": { "line": 22, "column": 9 }
      },
      "5": {
        "start": { "line": 26, "column": 6 },
        "end": { "line": 31, "column": 9 }
      },
      "6": {
        "start": { "line": 35, "column": 6 },
        "end": { "line": 35, "column": 23 }
      },
      "7": {
        "start": { "line": 39, "column": 6 },
        "end": { "line": 39, "column": 68 }
      },
      "8": {
        "start": { "line": 42, "column": 2 },
        "end": { "line": 51, "column": 4 }
      },
      "9": {
        "start": { "line": 52, "column": 2 },
        "end": { "line": 52, "column": 16 }
      }
    },
    "fnMap": {
      "0": {
        "name": "(anonymous_0)",
        "decl": {
          "start": { "line": 3, "column": 17 },
          "end": { "line": 3, "column": 18 }
        },
        "loc": {
          "start": { "line": 3, "column": 43 },
          "end": { "line": 53, "column": 1 }
        },
        "line": 3
      },
      "1": {
        "name": "(anonymous_1)",
        "decl": {
          "start": { "line": 10, "column": 4 },
          "end": { "line": 10, "column": 5 }
        },
        "loc": {
          "start": { "line": 10, "column": 29 },
          "end": { "line": 23, "column": 5 }
        },
        "line": 10
      },
      "2": {
        "name": "(anonymous_2)",
        "decl": {
          "start": { "line": 25, "column": 4 },
          "end": { "line": 25, "column": 5 }
        },
        "loc": {
          "start": { "line": 25, "column": 21 },
          "end": { "line": 32, "column": 5 }
        },
        "line": 25
      },
      "3": {
        "name": "(anonymous_3)",
        "decl": {
          "start": { "line": 34, "column": 4 },
          "end": { "line": 34, "column": 5 }
        },
        "loc": {
          "start": { "line": 34, "column": 19 },
          "end": { "line": 36, "column": 5 }
        },
        "line": 34
      },
      "4": {
        "name": "(anonymous_4)",
        "decl": {
          "start": { "line": 38, "column": 4 },
          "end": { "line": 38, "column": 5 }
        },
        "loc": {
          "start": { "line": 38, "column": 26 },
          "end": { "line": 40, "column": 5 }
        },
        "line": 38
      }
    },
    "branchMap": {},
    "s": {
      "0": 1,
      "1": 1,
      "2": 1,
      "3": 1,
      "4": 1,
      "5": 0,
      "6": 0,
      "7": 0,
      "8": 1,
      "9": 1
    },
    "f": { "0": 1, "1": 1, "2": 0, "3": 0, "4": 0 },
    "b": {},
    "_coverageSchema": "1a1c01bbd47fc00a2c39e90264f33305004495a9",
    "hash": "84f8b27a66f48c1dc03a6291c0d6c708926b5eaa"
  },
  "D:\\college\\pupilsfirst\\lms capstone\\models\\index.js": {
    "path": "D:\\college\\pupilsfirst\\lms capstone\\models\\index.js",
    "statementMap": {
      "0": {
        "start": { "line": 3, "column": 11 },
        "end": { "line": 3, "column": 24 }
      },
      "1": {
        "start": { "line": 4, "column": 13 },
        "end": { "line": 4, "column": 28 }
      },
      "2": {
        "start": { "line": 5, "column": 18 },
        "end": { "line": 5, "column": 38 }
      },
      "3": {
        "start": { "line": 6, "column": 16 },
        "end": { "line": 6, "column": 34 }
      },
      "4": {
        "start": { "line": 7, "column": 17 },
        "end": { "line": 7, "column": 42 }
      },
      "5": {
        "start": { "line": 8, "column": 12 },
        "end": { "line": 8, "column": 49 }
      },
      "6": {
        "start": { "line": 9, "column": 15 },
        "end": { "line": 9, "column": 65 }
      },
      "7": {
        "start": { "line": 10, "column": 11 },
        "end": { "line": 10, "column": 13 }
      },
      "8": {
        "start": { "line": 13, "column": 0 },
        "end": { "line": 22, "column": 1 }
      },
      "9": {
        "start": { "line": 14, "column": 2 },
        "end": { "line": 14, "column": 74 }
      },
      "10": {
        "start": { "line": 16, "column": 2 },
        "end": { "line": 21, "column": 4 }
      },
      "11": {
        "start": { "line": 24, "column": 0 },
        "end": { "line": 39, "column": 5 }
      },
      "12": {
        "start": { "line": 26, "column": 4 },
        "end": { "line": 31, "column": 6 }
      },
      "13": {
        "start": { "line": 34, "column": 18 },
        "end": { "line": 37, "column": 5 }
      },
      "14": {
        "start": { "line": 38, "column": 4 },
        "end": { "line": 38, "column": 27 }
      },
      "15": {
        "start": { "line": 41, "column": 0 },
        "end": { "line": 45, "column": 3 }
      },
      "16": {
        "start": { "line": 42, "column": 2 },
        "end": { "line": 44, "column": 3 }
      },
      "17": {
        "start": { "line": 43, "column": 4 },
        "end": { "line": 43, "column": 32 }
      },
      "18": {
        "start": { "line": 47, "column": 0 },
        "end": { "line": 47, "column": 25 }
      },
      "19": {
        "start": { "line": 48, "column": 0 },
        "end": { "line": 48, "column": 25 }
      },
      "20": {
        "start": { "line": 50, "column": 0 },
        "end": { "line": 50, "column": 20 }
      }
    },
    "fnMap": {
      "0": {
        "name": "(anonymous_0)",
        "decl": {
          "start": { "line": 25, "column": 10 },
          "end": { "line": 25, "column": 11 }
        },
        "loc": {
          "start": { "line": 25, "column": 20 },
          "end": { "line": 32, "column": 3 }
        },
        "line": 25
      },
      "1": {
        "name": "(anonymous_1)",
        "decl": {
          "start": { "line": 33, "column": 11 },
          "end": { "line": 33, "column": 12 }
        },
        "loc": {
          "start": { "line": 33, "column": 21 },
          "end": { "line": 39, "column": 3 }
        },
        "line": 33
      },
      "2": {
        "name": "(anonymous_2)",
        "decl": {
          "start": { "line": 41, "column": 24 },
          "end": { "line": 41, "column": 25 }
        },
        "loc": {
          "start": { "line": 41, "column": 39 },
          "end": { "line": 45, "column": 1 }
        },
        "line": 41
      }
    },
    "branchMap": {
      "0": {
        "loc": {
          "start": { "line": 8, "column": 12 },
          "end": { "line": 8, "column": 49 }
        },
        "type": "binary-expr",
        "locations": [
          {
            "start": { "line": 8, "column": 12 },
            "end": { "line": 8, "column": 32 }
          },
          {
            "start": { "line": 8, "column": 36 },
            "end": { "line": 8, "column": 49 }
          }
        ],
        "line": 8
      },
      "1": {
        "loc": {
          "start": { "line": 13, "column": 0 },
          "end": { "line": 22, "column": 1 }
        },
        "type": "if",
        "locations": [
          {
            "start": { "line": 13, "column": 0 },
            "end": { "line": 22, "column": 1 }
          },
          {
            "start": { "line": 15, "column": 7 },
            "end": { "line": 22, "column": 1 }
          }
        ],
        "line": 13
      },
      "2": {
        "loc": {
          "start": { "line": 27, "column": 6 },
          "end": { "line": 30, "column": 37 }
        },
        "type": "binary-expr",
        "locations": [
          {
            "start": { "line": 27, "column": 6 },
            "end": { "line": 27, "column": 29 }
          },
          {
            "start": { "line": 28, "column": 6 },
            "end": { "line": 28, "column": 23 }
          },
          {
            "start": { "line": 29, "column": 6 },
            "end": { "line": 29, "column": 30 }
          },
          {
            "start": { "line": 30, "column": 6 },
            "end": { "line": 30, "column": 37 }
          }
        ],
        "line": 27
      },
      "3": {
        "loc": {
          "start": { "line": 42, "column": 2 },
          "end": { "line": 44, "column": 3 }
        },
        "type": "if",
        "locations": [
          {
            "start": { "line": 42, "column": 2 },
            "end": { "line": 44, "column": 3 }
          },
          { "start": {}, "end": {} }
        ],
        "line": 42
      }
    },
    "s": {
      "0": 1,
      "1": 1,
      "2": 1,
      "3": 1,
      "4": 1,
      "5": 1,
      "6": 1,
      "7": 1,
      "8": 1,
      "9": 0,
      "10": 1,
      "11": 1,
      "12": 7,
      "13": 6,
      "14": 6,
      "15": 1,
      "16": 6,
      "17": 6,
      "18": 1,
      "19": 1,
      "20": 1
    },
    "f": { "0": 7, "1": 6, "2": 6 },
    "b": { "0": [1, 0], "1": [0, 1], "2": [7, 7, 6, 6], "3": [6, 0] },
    "_coverageSchema": "1a1c01bbd47fc00a2c39e90264f33305004495a9",
    "hash": "7eced01a0782233f761a91410fcccfe718ea1343"
  },
  "D:\\college\\pupilsfirst\\lms capstone\\models\\page.js": {
    "path": "D:\\college\\pupilsfirst\\lms capstone\\models\\page.js",
    "statementMap": {
      "0": {
        "start": { "line": 2, "column": 18 },
        "end": { "line": 2, "column": 38 }
      },
      "1": {
        "start": { "line": 3, "column": 0 },
        "end": { "line": 36, "column": 2 }
      },
      "2": {
        "start": { "line": 12, "column": 6 },
        "end": { "line": 14, "column": 9 }
      },
      "3": {
        "start": { "line": 15, "column": 6 },
        "end": { "line": 17, "column": 9 }
      },
      "4": {
        "start": { "line": 21, "column": 6 },
        "end": { "line": 21, "column": 50 }
      },
      "5": {
        "start": { "line": 24, "column": 2 },
        "end": { "line": 34, "column": 4 }
      },
      "6": {
        "start": { "line": 35, "column": 2 },
        "end": { "line": 35, "column": 14 }
      }
    },
    "fnMap": {
      "0": {
        "name": "(anonymous_0)",
        "decl": {
          "start": { "line": 3, "column": 17 },
          "end": { "line": 3, "column": 18 }
        },
        "loc": {
          "start": { "line": 3, "column": 43 },
          "end": { "line": 36, "column": 1 }
        },
        "line": 3
      },
      "1": {
        "name": "(anonymous_1)",
        "decl": {
          "start": { "line": 10, "column": 4 },
          "end": { "line": 10, "column": 5 }
        },
        "loc": {
          "start": { "line": 10, "column": 29 },
          "end": { "line": 18, "column": 5 }
        },
        "line": 10
      },
      "2": {
        "name": "(anonymous_2)",
        "decl": {
          "start": { "line": 20, "column": 4 },
          "end": { "line": 20, "column": 5 }
        },
        "loc": {
          "start": { "line": 20, "column": 27 },
          "end": { "line": 22, "column": 5 }
        },
        "line": 20
      }
    },
    "branchMap": {},
    "s": { "0": 1, "1": 1, "2": 1, "3": 1, "4": 0, "5": 1, "6": 1 },
    "f": { "0": 1, "1": 1, "2": 0 },
    "b": {},
    "_coverageSchema": "1a1c01bbd47fc00a2c39e90264f33305004495a9",
    "hash": "b96c41303908e3477cb64562d0ca121ef8a41f86"
  },
  "D:\\college\\pupilsfirst\\lms capstone\\models\\user.js": {
    "path": "D:\\college\\pupilsfirst\\lms capstone\\models\\user.js",
    "statementMap": {
      "0": {
        "start": { "line": 2, "column": 18 },
        "end": { "line": 2, "column": 38 }
      },
      "1": {
        "start": { "line": 3, "column": 0 },
        "end": { "line": 36, "column": 2 }
      },
      "2": {
        "start": { "line": 12, "column": 6 },
        "end": { "line": 14, "column": 9 }
      },
      "3": {
        "start": { "line": 15, "column": 6 },
        "end": { "line": 17, "column": 9 }
      },
      "4": {
        "start": { "line": 18, "column": 6 },
        "end": { "line": 20, "column": 9 }
      },
      "5": {
        "start": { "line": 23, "column": 2 },
        "end": { "line": 34, "column": 4 }
      },
      "6": {
        "start": { "line": 35, "column": 2 },
        "end": { "line": 35, "column": 14 }
      }
    },
    "fnMap": {
      "0": {
        "name": "(anonymous_0)",
        "decl": {
          "start": { "line": 3, "column": 17 },
          "end": { "line": 3, "column": 18 }
        },
        "loc": {
          "start": { "line": 3, "column": 43 },
          "end": { "line": 36, "column": 1 }
        },
        "line": 3
      },
      "1": {
        "name": "(anonymous_1)",
        "decl": {
          "start": { "line": 10, "column": 4 },
          "end": { "line": 10, "column": 5 }
        },
        "loc": {
          "start": { "line": 10, "column": 29 },
          "end": { "line": 21, "column": 5 }
        },
        "line": 10
      }
    },
    "branchMap": {},
    "s": { "0": 1, "1": 1, "2": 1, "3": 1, "4": 1, "5": 1, "6": 1 },
    "f": { "0": 1, "1": 1 },
    "b": {},
    "_coverageSchema": "1a1c01bbd47fc00a2c39e90264f33305004495a9",
    "hash": "4d8988be85a148ac3e73d402d748a994c552de4e"
  }
}
