TN:
SF:app.js
FN:28,(anonymous_0)
FN:41,(anonymous_1)
FN:43,(anonymous_2)
FN:55,(anonymous_3)
FN:62,(anonymous_4)
FN:66,(anonymous_5)
FN:68,(anonymous_6)
FN:71,(anonymous_7)
FN:85,(anonymous_8)
FN:95,calculateCompletionPercentage
FN:124,(anonymous_10)
FN:129,(anonymous_11)
FN:133,(anonymous_12)
FN:137,(anonymous_13)
FN:144,(anonymous_14)
FN:159,(anonymous_15)
FN:168,(anonymous_16)
FN:183,(anonymous_17)
FN:189,(anonymous_18)
FN:195,(anonymous_19)
FN:217,(anonymous_20)
FN:230,(anonymous_21)
FN:241,(anonymous_22)
FN:242,(anonymous_23)
FN:253,(anonymous_24)
FN:261,(anonymous_25)
FN:270,(anonymous_26)
FN:290,(anonymous_27)
FN:310,(anonymous_28)
FN:328,(anonymous_29)
FN:339,(anonymous_30)
FN:366,(anonymous_31)
FN:396,(anonymous_32)
FN:414,(anonymous_33)
FN:428,(anonymous_34)
FN:446,(anonymous_35)
FN:458,(anonymous_36)
FN:469,(anonymous_37)
FN:482,(anonymous_38)
FN:493,(anonymous_39)
FN:506,(anonymous_40)
FN:550,(anonymous_41)
FN:573,(anonymous_42)
FN:598,(anonymous_43)
FN:623,(anonymous_44)
FN:655,(anonymous_45)
FN:676,(anonymous_46)
FN:698,(anonymous_47)
FN:721,(anonymous_48)
FN:733,(anonymous_49)
FNF:50
FNH:1
FNDA:7,(anonymous_0)
FNDA:0,(anonymous_1)
FNDA:0,(anonymous_2)
FNDA:0,(anonymous_3)
FNDA:0,(anonymous_4)
FNDA:0,(anonymous_5)
FNDA:0,(anonymous_6)
FNDA:0,(anonymous_7)
FNDA:0,(anonymous_8)
FNDA:0,calculateCompletionPercentage
FNDA:0,(anonymous_10)
FNDA:0,(anonymous_11)
FNDA:0,(anonymous_12)
FNDA:0,(anonymous_13)
FNDA:0,(anonymous_14)
FNDA:0,(anonymous_15)
FNDA:0,(anonymous_16)
FNDA:0,(anonymous_17)
FNDA:0,(anonymous_18)
FNDA:0,(anonymous_19)
FNDA:0,(anonymous_20)
FNDA:0,(anonymous_21)
FNDA:0,(anonymous_22)
FNDA:0,(anonymous_23)
FNDA:0,(anonymous_24)
FNDA:0,(anonymous_25)
FNDA:0,(anonymous_26)
FNDA:0,(anonymous_27)
FNDA:0,(anonymous_28)
FNDA:0,(anonymous_29)
FNDA:0,(anonymous_30)
FNDA:0,(anonymous_31)
FNDA:0,(anonymous_32)
FNDA:0,(anonymous_33)
FNDA:0,(anonymous_34)
FNDA:0,(anonymous_35)
FNDA:0,(anonymous_36)
FNDA:0,(anonymous_37)
FNDA:0,(anonymous_38)
FNDA:0,(anonymous_39)
FNDA:0,(anonymous_40)
FNDA:0,(anonymous_41)
FNDA:0,(anonymous_42)
FNDA:0,(anonymous_43)
FNDA:0,(anonymous_44)
FNDA:0,(anonymous_45)
FNDA:0,(anonymous_46)
FNDA:0,(anonymous_47)
FNDA:0,(anonymous_48)
FNDA:0,(anonymous_49)
DA:1,1
DA:2,1
DA:3,1
DA:4,1
DA:5,1
DA:6,1
DA:7,1
DA:8,1
DA:9,1
DA:10,1
DA:11,1
DA:12,1
DA:13,1
DA:15,1
DA:16,1
DA:18,1
DA:19,1
DA:27,1
DA:28,1
DA:29,7
DA:30,7
DA:32,1
DA:33,1
DA:35,1
DA:42,0
DA:44,0
DA:45,0
DA:48,0
DA:49,0
DA:50,0
DA:52,0
DA:56,0
DA:62,1
DA:63,0
DA:66,1
DA:67,0
DA:69,0
DA:72,0
DA:83,1
DA:85,1
DA:86,0
DA:87,0
DA:89,0
DA:92,1
DA:96,0
DA:102,0
DA:104,0
DA:119,0
DA:120,0
DA:121,0
DA:124,1
DA:125,0
DA:126,0
DA:129,1
DA:130,0
DA:133,1
DA:134,0
DA:137,1
DA:138,0
DA:141,1
DA:145,0
DA:150,0
DA:156,1
DA:160,0
DA:161,0
DA:167,0
DA:168,0
DA:170,0
DA:177,0
DA:183,1
DA:184,0
DA:185,0
DA:186,0
DA:189,1
DA:190,0
DA:191,0
DA:192,0
DA:195,1
DA:196,0
DA:197,0
DA:198,0
DA:209,0
DA:211,0
DA:214,0
DA:217,0
DA:218,0
DA:220,0
DA:221,0
DA:230,0
DA:232,0
DA:236,0
DA:237,0
DA:241,1
DA:242,0
DA:243,0
DA:244,0
DA:246,0
DA:250,1
DA:254,0
DA:258,1
DA:262,0
DA:263,0
DA:267,1
DA:271,0
DA:272,0
DA:275,0
DA:276,0
DA:277,0
DA:278,0
DA:287,1
DA:291,0
DA:292,0
DA:295,0
DA:296,0
DA:297,0
DA:298,0
DA:307,1
DA:311,0
DA:312,0
DA:313,0
DA:316,0
DA:324,1
DA:329,0
DA:330,0
DA:331,0
DA:338,0
DA:340,0
DA:342,0
DA:346,0
DA:353,0
DA:357,0
DA:358,0
DA:363,1
DA:367,0
DA:368,0
DA:369,0
DA:371,0
DA:372,0
DA:373,0
DA:379,0
DA:387,0
DA:392,1
DA:397,0
DA:398,0
DA:399,0
DA:402,0
DA:403,0
DA:411,1
DA:415,0
DA:416,0
DA:417,0
DA:418,0
DA:422,1
DA:429,0
DA:430,0
DA:431,0
DA:432,0
DA:434,0
DA:435,0
DA:440,1
DA:447,0
DA:448,0
DA:449,0
DA:450,0
DA:452,0
DA:453,0
DA:458,1
DA:459,0
DA:460,0
DA:461,0
DA:462,0
DA:469,0
DA:470,0
DA:471,0
DA:473,0
DA:476,0
DA:477,0
DA:478,0
DA:482,1
DA:483,0
DA:484,0
DA:485,0
DA:486,0
DA:493,0
DA:494,0
DA:495,0
DA:497,0
DA:500,0
DA:501,0
DA:502,0
DA:506,1
DA:507,0
DA:508,0
DA:509,0
DA:510,0
DA:511,0
DA:512,0
DA:513,0
DA:515,0
DA:517,0
DA:518,0
DA:519,0
DA:523,0
DA:524,0
DA:525,0
DA:529,0
DA:532,0
DA:533,0
DA:535,0
DA:536,0
DA:538,0
DA:539,0
DA:542,0
DA:543,0
DA:547,1
DA:551,0
DA:552,0
DA:553,0
DA:554,0
DA:555,0
DA:557,0
DA:561,0
DA:562,0
DA:564,0
DA:565,0
DA:570,1
DA:574,0
DA:575,0
DA:576,0
DA:577,0
DA:582,0
DA:583,0
DA:584,0
DA:587,0
DA:589,0
DA:590,0
DA:595,1
DA:599,0
DA:600,0
DA:601,0
DA:602,0
DA:607,0
DA:608,0
DA:611,0
DA:613,0
DA:614,0
DA:619,1
DA:624,0
DA:625,0
DA:626,0
DA:627,0
DA:628,0
DA:629,0
DA:632,0
DA:633,0
DA:634,0
DA:638,0
DA:645,0
DA:646,0
DA:651,1
DA:656,0
DA:657,0
DA:658,0
DA:659,0
DA:660,0
DA:664,0
DA:665,0
DA:667,0
DA:668,0
DA:673,1
DA:677,0
DA:678,0
DA:679,0
DA:680,0
DA:681,0
DA:683,0
DA:684,0
DA:686,0
DA:689,0
DA:690,0
DA:695,1
DA:699,0
DA:700,0
DA:701,0
DA:702,0
DA:703,0
DA:705,0
DA:706,0
DA:707,0
DA:709,0
DA:712,0
DA:713,0
DA:718,1
DA:722,0
DA:723,0
DA:724,0
DA:725,0
DA:726,0
DA:728,0
DA:732,0
DA:733,0
DA:737,0
DA:738,0
DA:739,0
DA:740,0
DA:742,0
DA:745,0
DA:746,0
DA:751,1
LF:309
LH:62
BRDA:44,0,0,0
BRDA:44,0,1,0
BRDA:49,1,0,0
BRDA:49,1,1,0
BRDA:86,2,0,0
BRDA:86,2,1,0
BRDA:243,3,0,0
BRDA:243,3,1,0
BRDA:371,4,0,0
BRDA:371,4,1,0
BRDA:371,5,0,0
BRDA:371,5,1,0
BRDA:384,6,0,0
BRDA:384,6,1,0
BRDA:430,7,0,0
BRDA:430,7,1,0
BRDA:448,8,0,0
BRDA:448,8,1,0
BRDA:470,9,0,0
BRDA:470,9,1,0
BRDA:494,10,0,0
BRDA:494,10,1,0
BRDA:517,11,0,0
BRDA:517,11,1,0
BRDA:523,12,0,0
BRDA:523,12,1,0
BRDA:535,13,0,0
BRDA:535,13,1,0
BRDA:538,14,0,0
BRDA:538,14,1,0
BRDA:553,15,0,0
BRDA:553,15,1,0
BRDA:681,16,0,0
BRDA:681,16,1,0
BRDA:703,17,0,0
BRDA:703,17,1,0
BRDA:726,18,0,0
BRDA:726,18,1,0
BRF:38
BRH:0
end_of_record
TN:
SF:models\PageComp.js
FN:3,(anonymous_0)
FN:10,(anonymous_1)
FNF:2
FNH:2
FNDA:1,(anonymous_0)
FNDA:1,(anonymous_1)
DA:2,1
DA:3,1
DA:12,1
DA:15,1
DA:20,1
DA:27,1
LF:6
LH:6
BRF:0
BRH:0
end_of_record
TN:
SF:models\StudentCourse.js
FN:3,(anonymous_0)
FN:10,(anonymous_1)
FNF:2
FNH:2
FNDA:1,(anonymous_0)
FNDA:1,(anonymous_1)
DA:2,1
DA:3,1
DA:12,1
DA:15,1
DA:20,1
DA:27,1
LF:6
LH:6
BRF:0
BRH:0
end_of_record
TN:
SF:models\chapter.js
FN:3,(anonymous_0)
FN:10,(anonymous_1)
FNF:2
FNH:2
FNDA:1,(anonymous_0)
FNDA:1,(anonymous_1)
DA:2,1
DA:3,1
DA:12,1
DA:15,1
DA:21,1
DA:31,1
LF:6
LH:6
BRF:0
BRH:0
end_of_record
TN:
SF:models\course.js
FN:3,(anonymous_0)
FN:10,(anonymous_1)
FN:25,(anonymous_2)
FN:34,(anonymous_3)
FN:38,(anonymous_4)
FNF:5
FNH:2
FNDA:1,(anonymous_0)
FNDA:1,(anonymous_1)
FNDA:0,(anonymous_2)
FNDA:0,(anonymous_3)
FNDA:0,(anonymous_4)
DA:2,1
DA:3,1
DA:12,1
DA:15,1
DA:19,1
DA:26,0
DA:35,0
DA:39,0
DA:42,1
DA:52,1
LF:10
LH:7
BRF:0
BRH:0
end_of_record
TN:
SF:models\index.js
FN:25,(anonymous_0)
FN:33,(anonymous_1)
FN:41,(anonymous_2)
FNF:3
FNH:3
FNDA:7,(anonymous_0)
FNDA:6,(anonymous_1)
FNDA:6,(anonymous_2)
DA:3,1
DA:4,1
DA:5,1
DA:6,1
DA:7,1
DA:8,1
DA:9,1
DA:10,1
DA:13,1
DA:14,0
DA:16,1
DA:24,1
DA:26,7
DA:34,6
DA:38,6
DA:41,1
DA:42,6
DA:43,6
DA:47,1
DA:48,1
DA:50,1
LF:21
LH:20
BRDA:8,0,0,1
BRDA:8,0,1,0
BRDA:13,1,0,0
BRDA:13,1,1,1
BRDA:27,2,0,7
BRDA:27,2,1,7
BRDA:27,2,2,6
BRDA:27,2,3,6
BRDA:42,3,0,6
BRDA:42,3,1,0
BRF:10
BRH:7
end_of_record
TN:
SF:models\page.js
FN:3,(anonymous_0)
FN:10,(anonymous_1)
FN:20,(anonymous_2)
FNF:3
FNH:2
FNDA:1,(anonymous_0)
FNDA:1,(anonymous_1)
FNDA:0,(anonymous_2)
DA:2,1
DA:3,1
DA:12,1
DA:15,1
DA:21,0
DA:24,1
DA:35,1
LF:7
LH:6
BRF:0
BRH:0
end_of_record
TN:
SF:models\user.js
FN:3,(anonymous_0)
FN:10,(anonymous_1)
FNF:2
FNH:2
FNDA:1,(anonymous_0)
FNDA:1,(anonymous_1)
DA:2,1
DA:3,1
DA:12,1
DA:15,1
DA:18,1
DA:23,1
DA:35,1
LF:7
LH:7
BRF:0
BRH:0
end_of_record
